<dir>
<title>[COLOR red]°• •° °• •° °• •° °• •° °• •° °• •° °• •° °• •° °• •° °• •° °• •° °• •° °• •° °• •° °• •° °• •° °• •° °• •° °• •° °• •° °• •° °• •° °• •° [/COLOR]</title>
</dir>
<dir>
<title>[COLOR red]°• •° °• •° °• •° °• •° °• •° °• •° °• •° °• •° °• •° °• •° °• •° °• •° °• •° °• •° °• •° °• •° °• •° °• •° °• •° °• •° °• •° °• •° °• •° [/COLOR]</title>
</dir>

<plugin>
<title>[COLOR pink]BT Sports 1[/COLOR]</title>
<link>plugin://plugin.video.ukturk/?url=http%3A%2F%2Faddoncloud.org%2Fukturk%2FUKTurk%2FSportsList.txt&mode=3&name=BT+Sport+1&description=&iconimage=http%3A%2F%2Fwww.liveonlinetv247.info%2Fimages%2Fbtsport1.png&sf_options=winID%3D10025%26_options_sf</link>
<thumbnail>https://raw.githubusercontent.com/biglad/BUILDONLY/master/build_data/icon.png</thumbnail>
<fanart>https://raw.githubusercontent.com/biglad/BUILDONLY/master/build_data/fanart.jpg</fanart>
</plugin>

<plugin>
<title>[COLOR pink]BT Sports 12 HD[/COLOR] (Limited Stream Slots)</title>
<link>plugin://program.apollo/?action=apollo&imdb=9999&season=922&title=922</link>
<thumbnail>https://raw.githubusercontent.com/biglad/BUILDONLY/master/build_data/icon.png</thumbnail>
<fanart>https://raw.githubusercontent.com/biglad/BUILDONLY/master/build_data/fanart.jpg</fanart>
</plugin>